Vercel CLI 45.0.9
Retrieving project…
Deploying w3bsukis-projects/driplo.xyz
Uploading [--------------------] (0.0B/225.1MB)
Uploading [=====---------------] (56.3MB/225.1MB)
Uploading [==========----------] (112.5MB/225.1MB)
Uploading [===============-----] (168.8MB/225.1MB)
Uploading [====================] (225.1MB/225.1MB)
Inspect: https://vercel.com/w3bsukis-projects/driplo.xyz/A9PXpyeP6kXC2pfN512cwr1vn9CM [1m]
Production: https://driplo-68tmoi584-w3bsukis-projects.vercel.app [1m]
https://driplo-68tmoi584-w3bsukis-projects.vercel.appQueued
Building
Error: Command "pnpm build" exited with 1

2025-08-23T09:23:15.075Z  Running build in Washington, D.C., USA (East) – iad1
2025-08-23T09:23:15.075Z  Build machine configuration: 2 cores, 8 GB
2025-08-23T09:23:15.098Z  Retrieving list of deployment files...
2025-08-23T09:23:15.983Z  Downloading 2067 deployment files...
2025-08-23T09:23:35.265Z  Restored build cache from previous deployment (AhpXKyfWKRjDHPirvva44TXWaWHc)
2025-08-23T09:23:36.118Z  Running "vercel build"
2025-08-23T09:23:36.504Z  Vercel CLI 46.0.2
2025-08-23T09:23:36.673Z  > Detected Turbo. Adjusting default settings...
2025-08-23T09:23:37.218Z  Detected `pnpm-lock.yaml` version 9 generated by pnpm@10.x with package.json#packageManager pnpm@10.0.0
2025-08-23T09:23:37.218Z  Running "install" command: `pnpm install`...
2025-08-23T09:23:39.267Z  Scope: all 8 workspace projects
2025-08-23T09:23:39.582Z  ../..                                    | Progress: resolved 1, reused 0, downloaded 0, added 0
2025-08-23T09:23:39.609Z  ../..                                    |   +6 +
2025-08-23T09:23:40.084Z  ../..                                    | Progress: resolved 6, reused 0, downloaded 6, added 6, done
2025-08-23T09:23:40.423Z   WARN  Failed to create bin at /vercel/path0/node_modules/.bin/supabase. ENOENT: no such file or directory, open '/vercel/path0/node_modules/.pnpm/supabase@2.34.3/node_modules/supabase/bin/supabase'
2025-08-23T09:23:40.525Z  
2025-08-23T09:23:40.525Z  devDependencies:
2025-08-23T09:23:40.525Z  - @sveltejs/kit 2.25.1
2025-08-23T09:23:40.525Z  + @sveltejs/kit 2.36.1
2025-08-23T09:23:40.525Z  
2025-08-23T09:23:40.540Z   WARN  Failed to create bin at /vercel/path0/node_modules/.bin/supabase. ENOENT: no such file or directory, open '/vercel/path0/node_modules/supabase/bin/supabase'
2025-08-23T09:23:40.545Z  ../.. postinstall$ pnpm db:types || echo 'Warning: Could not generate database types. Supabase may not be configured.'
2025-08-23T09:23:40.993Z  ../.. postinstall: > with-svelte@ db:types /vercel/path0
2025-08-23T09:23:40.993Z  ../.. postinstall: > supabase gen types typescript --linked > packages/database/src/generated.ts
2025-08-23T09:23:40.996Z  ../.. postinstall: sh: line 1: supabase: command not found
2025-08-23T09:23:40.999Z  ../.. postinstall:  ELIFECYCLE  Command failed.
2025-08-23T09:23:41.010Z  ../.. postinstall: Warning: Could not generate database types. Supabase may not be configured.
2025-08-23T09:23:41.012Z  ../.. postinstall: Done
2025-08-23T09:23:41.033Z  Done in 2.1s
2025-08-23T09:23:41.689Z  
2025-08-23T09:23:41.689Z  > web@1.0.2 build /vercel/path0/apps/web
2025-08-23T09:23:41.689Z  > svelte-kit sync && vite build
2025-08-23T09:23:41.689Z  
2025-08-23T09:23:44.699Z  The following Vite config options will be overridden by SvelteKit:
2025-08-23T09:23:44.700Z    - build.rollupOptions.output.entryFileNames
2025-08-23T09:23:44.700Z    - build.rollupOptions.output.chunkFileNames
2025-08-23T09:23:44.701Z    - build.rollupOptions.output.assetFileNames
2025-08-23T09:23:44.742Z  [36mvite v7.1.2 [32mbuilding SSR bundle for production...[36m[39m
2025-08-23T09:23:44.779Z  [sentry-vite-plugin] Info: Sending telemetry data on issues and performance to Sentry. To disable telemetry, set `options.telemetry` to `false`.
2025-08-23T09:23:44.854Z  transforming...
2025-08-23T09:23:45.935Z  9:23:45 AM [vite-plugin-svelte] src/routes/(protected)/sell/+page.svelte:240:6 Self-closing HTML tags for non-void elements are ambiguous — use `<div ...></div>` rather than `<div ... />`
2025-08-23T09:23:45.936Z  https://svelte.dev/e/element_invalid_self_closing_tag
2025-08-23T09:23:45.936Z  238:     <!-- Progress Bar -->
2025-08-23T09:23:45.936Z  239:     <div class="h-1 bg-gray-100">
2025-08-23T09:23:45.939Z  240:       <div 
2025-08-23T09:23:45.941Z               ^
2025-08-23T09:23:45.941Z  241:         class="h-full bg-blue-500 transition-all duration-500 ease-out"
2025-08-23T09:23:45.941Z  242:         style="width: {(currentStep / 3) * 100}%"
2025-08-23T09:23:45.942Z  9:23:45 AM [vite-plugin-svelte] src/routes/(protected)/sell/+page.svelte:413:14 A form label must be associated with a control
2025-08-23T09:23:45.943Z  https://svelte.dev/e/a11y_label_has_associated_control
2025-08-23T09:23:45.943Z  411:             <!-- Condition - simplified for mobile -->
2025-08-23T09:23:45.943Z  412:             <div>
2025-08-23T09:23:45.943Z  413:               <label class="block text-sm font-medium text-gray-700 mb-2">
2025-08-23T09:23:45.943Z                             ^
2025-08-23T09:23:45.943Z  414:                 Condition <span class="text-red-500">*</span>
2025-08-23T09:23:45.943Z  415:               </label>
2025-08-23T09:23:45.944Z  9:23:45 AM [vite-plugin-svelte] src/routes/(protected)/sell/+page.svelte:436:16 A form label must be associated with a control
2025-08-23T09:23:45.944Z  https://svelte.dev/e/a11y_label_has_associated_control
2025-08-23T09:23:45.944Z  434:             <div class="grid grid-cols-2 gap-3">
2025-08-23T09:23:45.944Z  435:               <div>
2025-08-23T09:23:45.949Z  436:                 <label class="block text-sm font-medium text-gray-700 mb-1">Brand *</label>
2025-08-23T09:23:45.952Z                                                                                                  ^
2025-08-23T09:23:45.952Z  437:                 <div class="p-1">
2025-08-23T09:23:45.952Z  438:                   <input
2025-08-23T09:23:45.953Z  9:23:45 AM [vite-plugin-svelte] src/routes/(protected)/sell/+page.svelte:490:20 Self-closing HTML tags for non-void elements are ambiguous — use `<textarea ...></textarea>` rather than `<textarea ... />`
2025-08-23T09:23:45.953Z  https://svelte.dev/e/element_invalid_self_closing_tag
2025-08-23T09:23:45.953Z  488:                   </label>
2025-08-23T09:23:45.953Z  489:                   <div class="p-1">
2025-08-23T09:23:45.953Z  490:                     <textarea
2025-08-23T09:23:45.953Z                             ^
2025-08-23T09:23:45.953Z  491:                       id="description"
2025-08-23T09:23:45.954Z  492:                       name="description"
2025-08-23T09:23:45.954Z  9:23:45 AM [vite-plugin-svelte] src/routes/(protected)/sell/+page.svelte:24:6 `formElement` is updated, but is not declared with `$state(...)`. Changing its value will not correctly trigger updates
2025-08-23T09:23:45.954Z  https://svelte.dev/e/non_reactive_update
2025-08-23T09:23:45.954Z  22:   let showSuccess = $state(false);
2025-08-23T09:23:45.954Z  23:   let publishError = $state<string | null>(null);
2025-08-23T09:23:45.954Z  24:   let formElement: HTMLFormElement;
2025-08-23T09:23:45.954Z                                        ^
2025-08-23T09:23:45.955Z  25:   
2025-08-23T09:23:45.955Z  26:   let formData = $state({
2025-08-23T09:23:46.185Z  9:23:46 AM [vite-plugin-svelte] src/routes/profile/[id]/+page.svelte:380:10 Buttons and links should either contain text or have an `aria-label` or `aria-labelledby` attribute
2025-08-23T09:23:46.186Z  https://svelte.dev/e/a11y_consider_explicit_label
2025-08-23T09:23:46.186Z  378:         <div class="p-4 border-b flex justify-between items-center">
2025-08-23T09:23:46.192Z  379:           <h2 class="font-semibold">Followers</h2>
2025-08-23T09:23:46.192Z  380:           <button 
2025-08-23T09:23:46.192Z                         ^
2025-08-23T09:23:46.192Z  381:             onclick={() => showFollowersModal = false}
2025-08-23T09:23:46.192Z  382:             class="text-gray-500 hover:text-gray-700"
2025-08-23T09:23:46.193Z  9:23:46 AM [vite-plugin-svelte] src/routes/profile/[id]/+page.svelte:429:10 Buttons and links should either contain text or have an `aria-label` or `aria-labelledby` attribute
2025-08-23T09:23:46.193Z  https://svelte.dev/e/a11y_consider_explicit_label
2025-08-23T09:23:46.193Z  427:         <div class="p-4 border-b flex justify-between items-center">
2025-08-23T09:23:46.193Z  428:           <h2 class="font-semibold">Following</h2>
2025-08-23T09:23:46.193Z  429:           <button 
2025-08-23T09:23:46.193Z                         ^
2025-08-23T09:23:46.194Z  430:             onclick={() => showFollowingModal = false}
2025-08-23T09:23:46.194Z  431:             class="text-gray-500 hover:text-gray-700"
2025-08-23T09:23:46.813Z  9:23:46 AM [vite-plugin-svelte] src/routes/+page.svelte:427:1 `<svelte:component>` is deprecated in runes mode — components are dynamic by default
2025-08-23T09:23:46.813Z  https://svelte.dev/e/svelte_component_deprecated
2025-08-23T09:23:46.817Z  425: <!-- Quick View Dialog for Premium Sellers (Lazy Loaded) -->
2025-08-23T09:23:46.818Z  426: {#if QuickViewDialog && selectedSeller}
2025-08-23T09:23:46.818Z  427:   <svelte:component 
2025-08-23T09:23:46.818Z           ^
2025-08-23T09:23:46.818Z  428:     this={QuickViewDialog}
2025-08-23T09:23:46.818Z  429:     seller={selectedSeller} 
2025-08-23T09:23:46.818Z  9:23:46 AM [vite-plugin-svelte] src/routes/(protected)/messages/+page.svelte:17:6 `messagesContainer` is updated, but is not declared with `$state(...)`. Changing its value will not correctly trigger updates
2025-08-23T09:23:46.819Z  https://svelte.dev/e/non_reactive_update
2025-08-23T09:23:46.819Z  15:   
2025-08-23T09:23:46.819Z  16:   let messageChannel: RealtimeChannel | null = null;
2025-08-23T09:23:46.819Z  17:   let messagesContainer: HTMLDivElement | null = null;
2025-08-23T09:23:46.819Z                                                    ^
2025-08-23T09:23:46.819Z  18:   let isKeyboardOpen = $state(false);
2025-08-23T09:23:46.819Z  19: 
2025-08-23T09:23:46.820Z  9:23:46 AM [vite-plugin-svelte] src/routes/category/[slug]/+page.svelte:404:8 Buttons and links should either contain text or have an `aria-label` or `aria-labelledby` attribute
2025-08-23T09:23:46.820Z  https://svelte.dev/e/a11y_consider_explicit_label
2025-08-23T09:23:46.820Z  402:       <div class="flex justify-between items-center p-4 border-b border-gray-100">
2025-08-23T09:23:46.820Z  403:         <h2 class="text-lg font-semibold">Filters</h2>
2025-08-23T09:23:46.820Z  404:         <button onclick={() => showFilters = false} class="p-1">
2025-08-23T09:23:46.820Z                        ^
2025-08-23T09:23:46.820Z  405:           <svg class="w-5 h-5" fill="none" stroke="currentColor" viewBox="0 0 24 24">
2025-08-23T09:23:46.820Z  406:             <path stroke-linecap="round" stroke-linejoin="round" stroke-width="2" d="M6 18L18 6M6 6l12 12" />
2025-08-23T09:23:46.821Z  9:23:46 AM [vite-plugin-svelte] src/routes/search/+page.svelte:705:2 Unused CSS selector ".scrollbar-hide"
2025-08-23T09:23:46.821Z  https://svelte.dev/e/css_unused_selector
2025-08-23T09:23:46.821Z  703: <style>
2025-08-23T09:23:46.821Z  704:   /* Hide scrollbar for category carousel */
2025-08-23T09:23:46.821Z  705:   .scrollbar-hide {
2025-08-23T09:23:46.822Z                        ^
2025-08-23T09:23:46.822Z  706:     -ms-overflow-style: none;
2025-08-23T09:23:46.822Z  707:     scrollbar-width: none;
2025-08-23T09:23:46.822Z  9:23:46 AM [vite-plugin-svelte] src/routes/search/+page.svelte:709:2 Unused CSS selector ".scrollbar-hide::-webkit-scrollbar"
2025-08-23T09:23:46.822Z  https://svelte.dev/e/css_unused_selector
2025-08-23T09:23:46.822Z  707:     scrollbar-width: none;
2025-08-23T09:23:46.822Z  708:   }
2025-08-23T09:23:46.823Z  709:   .scrollbar-hide::-webkit-scrollbar {
2025-08-23T09:23:46.823Z                                           ^
2025-08-23T09:23:46.823Z  710:     display: none;
2025-08-23T09:23:46.823Z  711:   }
2025-08-23T09:23:47.040Z  9:23:47 AM [vite-plugin-svelte] src/lib/components/OrderNotificationToast.svelte:85:3 Buttons and links should either contain text or have an `aria-label` or `aria-labelledby` attribute
2025-08-23T09:23:47.041Z  https://svelte.dev/e/a11y_consider_explicit_label
2025-08-23T09:23:47.041Z  83:       </div>
2025-08-23T09:23:47.041Z  84:       
2025-08-23T09:23:47.041Z  85:       <button
2025-08-23T09:23:47.041Z                    ^
2025-08-23T09:23:47.041Z  86:         onclick={handleDismiss}
2025-08-23T09:23:47.042Z  87:         class="flex-shrink-0 text-gray-400 hover:text-gray-500"
2025-08-23T09:23:47.082Z  9:23:47 AM [vite-plugin-svelte] src/lib/components/EarlyBirdBanner.svelte:250:2 Unused CSS selector ".animate-ping"
2025-08-23T09:23:47.089Z  https://svelte.dev/e/css_unused_selector
2025-08-23T09:23:47.089Z  248:   }
2025-08-23T09:23:47.089Z  249:   
2025-08-23T09:23:47.089Z  250:   .animate-ping {
2025-08-23T09:23:47.089Z                      ^
2025-08-23T09:23:47.089Z  251:     animation: ping 1s cubic-bezier(0, 0, 0.2, 1) infinite;
2025-08-23T09:23:47.089Z  252:   }
2025-08-23T09:23:47.365Z  9:23:47 AM [vite-plugin-svelte] /vercel/path0/packages/ui/dist/Card.svelte:24:0 noninteractive element cannot have nonnegative tabIndex value
2025-08-23T09:23:47.367Z  https://svelte.dev/e/a11y_no_noninteractive_tabindex
2025-08-23T09:23:47.367Z  22: </script>
2025-08-23T09:23:47.367Z  23: 
2025-08-23T09:23:47.367Z  24: <div 
2025-08-23T09:23:47.368Z            ^
2025-08-23T09:23:47.368Z  25:   class={classes} 
2025-08-23T09:23:47.368Z  26:   {onclick}
2025-08-23T09:23:47.500Z  9:23:47 AM [vite-plugin-svelte] /vercel/path0/packages/ui/dist/ProductGallery.svelte:152:10 `<button>` cannot be a descendant of `<button>`. When rendering this component on the server, the resulting HTML will be modified by the browser (by moving, removing, or inserting elements), likely resulting in a `hydration_mismatch` warning
2025-08-23T09:23:47.500Z  https://svelte.dev/e/node_invalid_placement_ssr
2025-08-23T09:23:47.500Z  150:         <!-- Previous -->
2025-08-23T09:23:47.500Z  151:         {#if selectedIndex > 0}
2025-08-23T09:23:47.500Z  152:           <button
2025-08-23T09:23:47.501Z                         ^
2025-08-23T09:23:47.501Z  153:             onclick={() => selectedIndex--}
2025-08-23T09:23:47.501Z  154:             class="absolute left-4 top-1/2 -translate-y-1/2 w-10 h-10 bg-white/80 hover:bg-white rounded-full shadow-lg flex items-center justify-center transition-all duration-200 hover:scale-110 z-10"
2025-08-23T09:23:47.501Z  9:23:47 AM [vite-plugin-svelte] /vercel/path0/packages/ui/dist/ProductGallery.svelte:165:10 `<button>` cannot be a descendant of `<button>`. When rendering this component on the server, the resulting HTML will be modified by the browser (by moving, removing, or inserting elements), likely resulting in a `hydration_mismatch` warning
2025-08-23T09:23:47.501Z  https://svelte.dev/e/node_invalid_placement_ssr
2025-08-23T09:23:47.501Z  163:         <!-- Next -->
2025-08-23T09:23:47.501Z  164:         {#if selectedIndex < images.length - 1}
2025-08-23T09:23:47.501Z  165:           <button
2025-08-23T09:23:47.502Z                         ^
2025-08-23T09:23:47.502Z  166:             onclick={() => selectedIndex++}
2025-08-23T09:23:47.502Z  167:             class="absolute right-4 top-1/2 -translate-y-1/2 w-10 h-10 bg-white/80 hover:bg-white rounded-full shadow-lg flex items-center justify-center transition-all duration-200 hover:scale-110 z-10"
2025-08-23T09:23:47.502Z  9:23:47 AM [vite-plugin-svelte] /vercel/path0/packages/ui/dist/ProductGallery.svelte:36:6 `imageRef` is updated, but is not declared with `$state(...)`. Changing its value will not correctly trigger updates
2025-08-23T09:23:47.502Z  https://svelte.dev/e/non_reactive_update
2025-08-23T09:23:47.502Z  34:   let isZoomed = $state(false);
2025-08-23T09:23:47.502Z  35:   let galleryRef: HTMLDivElement;
2025-08-23T09:23:47.502Z  36:   let imageRef: HTMLImageElement;
2025-08-23T09:23:47.502Z                                      ^
2025-08-23T09:23:47.502Z  37: 
2025-08-23T09:23:47.502Z  38:   let selectedImage = $state('/placeholder-product.svg');
2025-08-23T09:23:47.640Z  9:23:47 AM [vite-plugin-svelte] /vercel/path0/packages/ui/dist/ProductSheet.svelte:55:6 `sheetRef` is updated, but is not declared with `$state(...)`. Changing its value will not correctly trigger updates
2025-08-23T09:23:47.640Z  https://svelte.dev/e/non_reactive_update
2025-08-23T09:23:47.641Z  53:   }: Props = $props();
2025-08-23T09:23:47.641Z  54: 
2025-08-23T09:23:47.641Z  55:   let sheetRef: HTMLDivElement;
2025-08-23T09:23:47.641Z                                    ^
2025-08-23T09:23:47.641Z  56:   let isDragging = $state(false);
2025-08-23T09:23:47.641Z  57:   let dragY = $state(0);
2025-08-23T09:23:47.865Z  9:23:47 AM [vite-plugin-svelte] /vercel/path0/packages/ui/dist/AccountTypeSelector.svelte:170:6 A form label must be associated with a control
2025-08-23T09:23:47.865Z  https://svelte.dev/e/a11y_label_has_associated_control
2025-08-23T09:23:47.865Z  168:   {#if showDiscountCode && selected === 'brand'}
2025-08-23T09:23:47.865Z  169:     <div class="max-w-md mx-auto p-4 bg-gray-50 rounded-lg border border-gray-200">
2025-08-23T09:23:47.865Z  170:       <label class="block text-sm font-medium text-gray-700 mb-2">
2025-08-23T09:23:47.865Z                     ^
2025-08-23T09:23:47.866Z  171:         {translations.haveDiscountCode || 'Have a discount code?'}
2025-08-23T09:23:47.866Z  172:       </label>
2025-08-23T09:23:48.025Z  9:23:48 AM [vite-plugin-svelte] /vercel/path0/packages/ui/dist/ReviewModal.svelte:78:3 A form label must be associated with a control
2025-08-23T09:23:48.026Z  https://svelte.dev/e/a11y_label_has_associated_control
2025-08-23T09:23:48.032Z  76:     <!-- Star Rating -->
2025-08-23T09:23:48.032Z  77:     <div>
2025-08-23T09:23:48.032Z  78:       <label class="block text-sm font-medium text-gray-700 mb-2">
2025-08-23T09:23:48.032Z                    ^
2025-08-23T09:23:48.032Z  79:         Rating
2025-08-23T09:23:48.032Z  80:       </label>
2025-08-23T09:23:48.032Z  9:23:48 AM [vite-plugin-svelte] /vercel/path0/packages/ui/dist/ReviewModal.svelte:83:5 Buttons and links should either contain text or have an `aria-label` or `aria-labelledby` attribute
2025-08-23T09:23:48.032Z  https://svelte.dev/e/a11y_consider_explicit_label
2025-08-23T09:23:48.032Z  81:       <div class="flex space-x-1">
2025-08-23T09:23:48.032Z  82:         {#each stars as star}
2025-08-23T09:23:48.032Z  83:           <button
2025-08-23T09:23:48.032Z                        ^
2025-08-23T09:23:48.032Z  84:             type="button"
2025-08-23T09:23:48.032Z  85:             onclick={() => rating = star}
2025-08-23T09:23:48.032Z  9:23:48 AM [vite-plugin-svelte] /vercel/path0/packages/ui/dist/ReviewModal.svelte:127:3 Self-closing HTML tags for non-void elements are ambiguous — use `<textarea ...></textarea>` rather than `<textarea ... />`
2025-08-23T09:23:48.033Z  https://svelte.dev/e/element_invalid_self_closing_tag
2025-08-23T09:23:48.033Z  125:         Comment (optional)
2025-08-23T09:23:48.033Z  126:       </label>
2025-08-23T09:23:48.033Z  127:       <textarea
2025-08-23T09:23:48.033Z               ^
2025-08-23T09:23:48.033Z  128:         id="review-comment"
2025-08-23T09:23:48.033Z  129:         bind:value={comment}
2025-08-23T09:23:48.101Z  9:23:48 AM [vite-plugin-svelte] /vercel/path0/packages/ui/dist/OptimizedImage.svelte:98:0 noninteractive element cannot have nonnegative tabIndex value
2025-08-23T09:23:48.102Z  https://svelte.dev/e/a11y_no_noninteractive_tabindex
2025-08-23T09:23:48.102Z   96: </script>
2025-08-23T09:23:48.103Z   97: 
2025-08-23T09:23:48.103Z   98: <div 
2025-08-23T09:23:48.103Z             ^
2025-08-23T09:23:48.103Z   99:   use:setupLazyLoading
2025-08-23T09:23:48.103Z  100:   class="relative overflow-hidden {aspectRatio === 'square' ? 'aspect-square' : ''} {onclick ? 'cursor-pointer' : ''} {className}"
2025-08-23T09:23:48.104Z  9:23:48 AM [vite-plugin-svelte] /vercel/path0/packages/ui/dist/OptimizedImage.svelte:112:4 Self-closing HTML tags for non-void elements are ambiguous — use `<div ...></div>` rather than `<div ... />`
2025-08-23T09:23:48.104Z  https://svelte.dev/e/element_invalid_self_closing_tag
2025-08-23T09:23:48.104Z  110: >
2025-08-23T09:23:48.104Z  111:   {#if !isLoaded && showSkeleton}
2025-08-23T09:23:48.104Z  112:     <div class="absolute inset-0 bg-gray-200 animate-pulse" />
2025-08-23T09:23:48.104Z                                                                     ^
2025-08-23T09:23:48.105Z  113:   {/if}
2025-08-23T09:23:48.105Z  114:   
2025-08-23T09:23:48.105Z  9:23:48 AM [vite-plugin-svelte] /vercel/path0/packages/ui/dist/OptimizedImage.svelte:40:6 `imgElement` is updated, but is not declared with `$state(...)`. Changing its value will not correctly trigger updates
2025-08-23T09:23:48.105Z  https://svelte.dev/e/non_reactive_update
2025-08-23T09:23:48.105Z  38:   let isInView = $state(false);
2025-08-23T09:23:48.105Z  39:   let hasError = $state(false);
2025-08-23T09:23:48.105Z  40:   let imgElement: HTMLImageElement;
2025-08-23T09:23:48.105Z                                        ^
2025-08-23T09:23:48.105Z  41: 
2025-08-23T09:23:48.105Z  42:   // Generate WebP URL from Supabase
2025-08-23T09:23:48.134Z  9:23:48 AM [vite-plugin-svelte] /vercel/path0/packages/ui/dist/ImageOptimized.svelte:147:0 noninteractive element cannot have nonnegative tabIndex value
2025-08-23T09:23:48.135Z  https://svelte.dev/e/a11y_no_noninteractive_tabindex
2025-08-23T09:23:48.135Z  145: </script>
2025-08-23T09:23:48.135Z  146: 
2025-08-23T09:23:48.135Z  147: <div 
2025-08-23T09:23:48.135Z             ^
2025-08-23T09:23:48.135Z  148:   bind:this={containerElement}
2025-08-23T09:23:48.135Z  149:   class={containerClasses}
2025-08-23T09:23:48.135Z  9:23:48 AM [vite-plugin-svelte] /vercel/path0/packages/ui/dist/ImageOptimized.svelte:38:6 `imageElement` is updated, but is not declared with `$state(...)`. Changing its value will not correctly trigger updates
2025-08-23T09:23:48.136Z  https://svelte.dev/e/non_reactive_update
2025-08-23T09:23:48.136Z  36:   }: Props = $props();
2025-08-23T09:23:48.136Z  37: 
2025-08-23T09:23:48.136Z  38:   let imageElement: HTMLImageElement;
2025-08-23T09:23:48.136Z                                          ^
2025-08-23T09:23:48.136Z  39:   let containerElement: HTMLDivElement;
2025-08-23T09:23:48.136Z  40:   let imageLoaded = $state(false);
2025-08-23T09:23:48.175Z  9:23:48 AM [vite-plugin-svelte] /vercel/path0/packages/ui/dist/SearchDebounced.svelte:42:6 `suggestionsList` is updated, but is not declared with `$state(...)`. Changing its value will not correctly trigger updates
2025-08-23T09:23:48.176Z  https://svelte.dev/e/non_reactive_update
2025-08-23T09:23:48.176Z  40: 
2025-08-23T09:23:48.176Z  41:   let inputElement: HTMLInputElement;
2025-08-23T09:23:48.176Z  42:   let suggestionsList: HTMLUListElement;
2025-08-23T09:23:48.176Z                                             ^
2025-08-23T09:23:48.176Z  43:   let isSearching = $state(false);
2025-08-23T09:23:48.176Z  44:   let showSuggestionsDropdown = $state(false);
2025-08-23T09:23:48.483Z  9:23:48 AM [vite-plugin-svelte] /vercel/path0/packages/ui/dist/ImageUploaderSupabase.svelte:115:8 Self-closing HTML tags for non-void elements are ambiguous — use `<div ...></div>` rather than `<div ... />`
2025-08-23T09:23:48.483Z  https://svelte.dev/e/element_invalid_self_closing_tag
2025-08-23T09:23:48.485Z  113:       </div>
2025-08-23T09:23:48.485Z  114:       <div class="w-full bg-blue-200 rounded-full h-2">
2025-08-23T09:23:48.485Z  115:         <div 
2025-08-23T09:23:48.485Z                 ^
2025-08-23T09:23:48.485Z  116:           class="bg-blue-600 h-2 rounded-full transition-all duration-300"
2025-08-23T09:23:48.485Z  117:           style="width: {uploadProgress.total > 0 ? (uploadProgress.current / uploadProgress.total) * 100 : 0}%"
2025-08-23T09:23:48.583Z  9:23:48 AM [vite-plugin-svelte] /vercel/path0/packages/ui/dist/HighlightQuickView.svelte:22:0 Visible, non-interactive elements with a click event must be accompanied by a keyboard event handler. Consider whether an interactive element such as `<button type="button">` or `<a>` might be more appropriate
2025-08-23T09:23:48.583Z  https://svelte.dev/e/a11y_click_events_have_key_events
2025-08-23T09:23:48.584Z  20: </script>
2025-08-23T09:23:48.584Z  21: 
2025-08-23T09:23:48.584Z  22: <div
2025-08-23T09:23:48.584Z           ^
2025-08-23T09:23:48.585Z  23:   class="fixed inset-0 bg-black/50 z-50 flex items-center justify-center p-4"
2025-08-23T09:23:48.585Z  24:   onclick={handleBackdropClick}
2025-08-23T09:23:48.585Z  9:23:48 AM [vite-plugin-svelte] /vercel/path0/packages/ui/dist/HighlightQuickView.svelte:32:3 Buttons and links should either contain text or have an `aria-label` or `aria-labelledby` attribute
2025-08-23T09:23:48.585Z  https://svelte.dev/e/a11y_consider_explicit_label
2025-08-23T09:23:48.585Z  30:     <!-- Close button -->
2025-08-23T09:23:48.586Z  31:     <div class="flex justify-end mb-2">
2025-08-23T09:23:48.586Z  32:       <button
2025-08-23T09:23:48.586Z                    ^
2025-08-23T09:23:48.586Z  33:         onclick={onClose}
2025-08-23T09:23:48.586Z  34:         class="p-1 hover:bg-gray-100 rounded-full"
2025-08-23T09:23:48.587Z  9:23:48 AM [vite-plugin-svelte] /vercel/path0/packages/ui/dist/HighlightQuickView.svelte:81:3 Buttons and links should either contain text or have an `aria-label` or `aria-labelledby` attribute
2025-08-23T09:23:48.587Z  https://svelte.dev/e/a11y_consider_explicit_label
2025-08-23T09:23:48.587Z  79:         Add to Bag
2025-08-23T09:23:48.587Z  80:       </button>
2025-08-23T09:23:48.587Z  81:       <button 
2025-08-23T09:23:48.588Z                     ^
2025-08-23T09:23:48.589Z  82:         onclick={onToggleFavorite}
2025-08-23T09:23:48.589Z  83:         class="p-2 border border-gray-300 rounded-lg hover:bg-gray-50"
2025-08-23T09:23:48.648Z  9:23:48 AM [vite-plugin-svelte] /vercel/path0/packages/ui/dist/ProductImage.svelte:19:6 `imageUrl` is updated, but is not declared with `$state(...)`. Changing its value will not correctly trigger updates
2025-08-23T09:23:48.654Z  https://svelte.dev/e/non_reactive_update
2025-08-23T09:23:48.654Z  17: 
2025-08-23T09:23:48.654Z  18:   // Get image URL - completely static, no reactivity
2025-08-23T09:23:48.654Z  19:   let imageUrl = '/placeholder-product.svg';
2025-08-23T09:23:48.654Z                    ^
2025-08-23T09:23:48.654Z  20:   
2025-08-23T09:23:48.654Z  21:   if (product_images?.[0]?.image_url) {
2025-08-23T09:23:50.331Z  [32m✓[39m 495 modules transformed.
2025-08-23T09:23:50.334Z  [31m✗[39m Build failed in 5.56s
2025-08-23T09:23:50.335Z  [31merror during build:
2025-08-23T09:23:50.335Z  [31msrc/routes/api/favorites/status/+server.ts (3:9): "createServerClient" is not exported by "src/lib/supabase/server.ts", imported by "src/routes/api/favorites/status/+server.ts".[31m
2025-08-23T09:23:50.335Z  file: [36m/vercel/path0/apps/web/src/routes/api/favorites/status/+server.ts:3:9[31m
2025-08-23T09:23:50.335Z  [33m
2025-08-23T09:23:50.335Z  1: import { json } from '@sveltejs/kit';
2025-08-23T09:23:50.335Z  2: import type { RequestHandler } from './$types';
2025-08-23T09:23:50.335Z  3: import { createServerClient } from '$lib/supabase/server';
2025-08-23T09:23:50.335Z              ^
2025-08-23T09:23:50.335Z  4: 
2025-08-23T09:23:50.335Z  5: export const POST: RequestHandler = async ({ locals, request }) => {
2025-08-23T09:23:50.336Z  [31m
2025-08-23T09:23:50.336Z      at getRollupError (file:///vercel/path0/node_modules/.pnpm/rollup@4.46.2/node_modules/rollup/dist/es/shared/parseAst.js:401:41)
2025-08-23T09:23:50.336Z      at error (file:///vercel/path0/node_modules/.pnpm/rollup@4.46.2/node_modules/rollup/dist/es/shared/parseAst.js:397:42)
2025-08-23T09:23:50.336Z      at Module.error (file:///vercel/path0/node_modules/.pnpm/rollup@4.46.2/node_modules/rollup/dist/es/shared/node-entry.js:16875:16)
2025-08-23T09:23:50.336Z      at Module.traceVariable (file:///vercel/path0/node_modules/.pnpm/rollup@4.46.2/node_modules/rollup/dist/es/shared/node-entry.js:17327:29)
2025-08-23T09:23:50.336Z      at ModuleScope.findVariable (file:///vercel/path0/node_modules/.pnpm/rollup@4.46.2/node_modules/rollup/dist/es/shared/node-entry.js:14997:39)
2025-08-23T09:23:50.336Z      at ReturnValueScope.findVariable (file:///vercel/path0/node_modules/.pnpm/rollup@4.46.2/node_modules/rollup/dist/es/shared/node-entry.js:5620:38)
2025-08-23T09:23:50.336Z      at FunctionBodyScope.findVariable (file:///vercel/path0/node_modules/.pnpm/rollup@4.46.2/node_modules/rollup/dist/es/shared/node-entry.js:5620:38)
2025-08-23T09:23:50.336Z      at BlockScope.findVariable (file:///vercel/path0/node_modules/.pnpm/rollup@4.46.2/node_modules/rollup/dist/es/shared/node-entry.js:5620:38)
2025-08-23T09:23:50.336Z      at Identifier.bind (file:///vercel/path0/node_modules/.pnpm/rollup@4.46.2/node_modules/rollup/dist/es/shared/node-entry.js:5394:40)
2025-08-23T09:23:50.336Z      at CallExpression.bind (file:///vercel/path0/node_modules/.pnpm/rollup@4.46.2/node_modules/rollup/dist/es/shared/node-entry.js:2785:23)[39m
2025-08-23T09:23:50.410Z   ELIFECYCLE  Command failed with exit code 1.
2025-08-23T09:23:50.427Z  Error: Command "pnpm build" exited with 1
